SF:lib\src\data\repositories\finantial_movement_repository_firestore.dart
DA:14,1
DA:16,1
DA:19,6
DA:21,0
DA:25,1
DA:28,3
DA:29,1
DA:31,1
DA:33,1
DA:36,0
DA:40,1
DA:43,1
DA:44,1
DA:45,1
DA:46,1
DA:48,2
DA:49,1
DA:51,1
DA:52,4
DA:53,1
DA:56,0
DA:57,0
DA:61,1
DA:64,4
DA:65,1
DA:66,1
DA:67,1
DA:72,0
DA:76,0
DA:79,0
DA:81,0
LF:31
LH:23
end_of_record
SF:lib\src\models\finantial_movement.dart
DA:15,1
DA:24,2
DA:25,0
DA:29,1
DA:30,1
DA:31,3
DA:32,3
DA:33,3
DA:34,3
DA:35,3
DA:36,4
DA:37,1
DA:38,3
DA:44,1
DA:45,1
DA:46,1
DA:47,1
DA:48,2
DA:49,1
DA:50,1
DA:51,2
DA:52,1
LF:22
LH:21
end_of_record
SF:lib\src\models\category.dart
DA:11,2
DA:15,4
DA:18,2
DA:19,2
DA:21,6
DA:23,2
DA:24,3
DA:30,2
DA:31,2
DA:32,2
DA:33,2
DA:36,2
DA:37,8
LF:13
LH:13
end_of_record
SF:lib\src\data\repositories\category_repository_firestore.dart
DA:10,1
DA:14,1
DA:16,4
DA:17,2
DA:18,1
DA:20,1
DA:22,2
DA:23,2
DA:27,0
DA:31,1
DA:34,5
DA:36,0
DA:40,0
DA:43,0
DA:46,1
DA:49,4
DA:50,1
DA:51,4
DA:52,1
DA:55,0
DA:59,0
DA:62,0
DA:65,0
DA:68,0
LF:24
LH:15
end_of_record
SF:lib\src\data\repositories\firebase_auth_repository.dart
DA:8,1
DA:10,1
DA:12,2
DA:15,1
DA:18,2
DA:19,2
DA:20,1
DA:22,1
DA:23,1
DA:24,1
DA:26,1
DA:29,0
DA:30,0
DA:31,0
DA:32,0
DA:33,0
DA:39,1
DA:41,2
DA:44,1
DA:46,1
DA:49,2
DA:50,1
DA:51,1
DA:53,4
DA:54,0
DA:55,0
DA:56,0
DA:57,0
DA:58,0
DA:63,1
DA:65,2
DA:69,3
DA:77,0
LF:33
LH:22
end_of_record
SF:lib\src\models\user_model.dart
DA:13,1
DA:21,2
DA:22,2
DA:26,0
DA:27,0
DA:29,0
DA:30,0
DA:31,0
DA:32,0
DA:33,0
DA:34,0
DA:36,0
DA:41,0
DA:42,0
DA:43,0
DA:44,0
DA:45,0
DA:46,0
DA:47,0
DA:48,0
DA:54,1
DA:57,1
DA:61,1
DA:65,1
LF:24
LH:7
end_of_record
SF:lib\src\features\add_finantial_movement\add_finantial_movement_page.dart
DA:22,0
DA:28,0
DA:30,0
DA:46,0
DA:48,0
DA:49,0
DA:50,0
DA:51,0
DA:52,0
DA:53,0
DA:55,0
DA:58,0
DA:60,0
DA:61,0
DA:62,0
DA:63,0
DA:66,0
DA:67,0
DA:68,0
DA:71,0
DA:73,0
DA:75,0
DA:76,0
DA:77,0
DA:78,0
DA:79,0
DA:80,0
DA:81,0
DA:82,0
DA:84,0
DA:93,0
DA:96,0
DA:101,0
DA:104,0
DA:109,0
DA:111,0
DA:114,0
DA:120,0
DA:122,0
DA:123,0
DA:125,0
DA:128,0
DA:129,0
DA:130,0
DA:135,0
DA:140,0
DA:141,0
DA:142,0
DA:144,0
DA:145,0
DA:146,0
DA:147,0
DA:148,0
DA:149,0
DA:151,0
DA:152,0
DA:154,0
DA:156,0
DA:164,0
DA:166,0
DA:167,0
DA:168,0
DA:169,0
DA:171,0
DA:173,0
DA:177,0
LF:66
LH:0
end_of_record
SF:lib\src\features\home\home_page.dart
DA:23,0
DA:25,0
DA:26,0
DA:33,0
DA:35,0
DA:37,0
DA:38,0
DA:41,0
DA:42,0
DA:45,0
DA:46,0
DA:49,0
DA:51,0
DA:52,0
DA:53,0
DA:54,0
DA:60,0
DA:61,0
DA:62,0
DA:63,0
DA:65,0
DA:69,0
DA:71,0
DA:72,0
DA:79,0
DA:80,0
DA:81,0
DA:82,0
DA:94,0
DA:95,0
DA:96,0
DA:97,0
DA:99,0
DA:100,0
DA:101,0
DA:109,0
DA:111,0
DA:112,0
DA:115,0
DA:119,0
DA:120,0
DA:121,0
DA:122,0
DA:128,0
DA:129,0
DA:132,0
DA:147,0
DA:148,0
DA:157,0
DA:158,0
DA:161,0
DA:163,0
LF:52
LH:0
end_of_record
SF:lib\src\features\add_finantial_movement\finantial_movement_controller.dart
DA:10,0
DA:15,0
DA:16,0
DA:19,0
DA:21,0
DA:22,0
DA:23,0
DA:25,0
DA:27,0
DA:28,0
DA:32,0
DA:36,0
DA:37,0
DA:40,0
DA:41,0
DA:45,0
DA:46,0
LF:17
LH:0
end_of_record
SF:lib\src\features\add_finantial_movement\widgets\custom_dropdown_button.dart
DA:6,0
DA:9,0
DA:12,0
DA:13,0
DA:17,0
DA:19,0
DA:21,0
DA:23,0
DA:24,0
DA:25,0
DA:27,0
DA:29,0
DA:30,0
DA:32,0
DA:33,0
DA:34,0
LF:16
LH:0
end_of_record
SF:lib\src\features\add_finantial_movement\widgets\custom_switch.dart
DA:5,15
DA:7,0
DA:10,0
DA:11,0
DA:15,0
DA:17,0
DA:21,0
DA:22,0
LF:8
LH:1
end_of_record
SF:lib\src\shared\widgets\custom_text_form_field.dart
DA:16,0
DA:28,0
DA:30,0
DA:31,0
DA:37,0
DA:39,0
DA:41,0
DA:44,0
DA:46,0
DA:48,0
DA:49,0
DA:50,0
DA:51,0
DA:52,0
DA:53,0
DA:54,0
DA:55,0
DA:56,0
DA:57,0
DA:58,0
DA:62,0
DA:64,0
DA:65,0
DA:66,0
DA:67,0
DA:68,0
DA:69,0
DA:70,0
DA:73,0
DA:78,0
DA:80,0
DA:81,0
DA:84,0
LF:33
LH:0
end_of_record
SF:lib\src\shared\design\colors\app_custom_colors.dart
DA:4,0
LF:1
LH:0
end_of_record
SF:lib\src\features\home\home_controller.dart
DA:10,0
DA:14,0
DA:15,0
DA:17,0
DA:19,0
DA:20,0
DA:22,0
DA:25,0
DA:29,0
DA:30,0
LF:10
LH:0
end_of_record
SF:lib\src\features\home\home_state.dart
DA:12,0
DA:17,0
DA:22,0
LF:3
LH:0
end_of_record
SF:lib\src\features\home\widgets\charts\custom_linear_chart.dart
DA:9,0
DA:11,0
DA:12,0
DA:18,0
DA:19,0
DA:20,0
DA:21,0
DA:23,0
DA:25,0
DA:27,0
DA:28,0
DA:29,0
DA:30,0
DA:33,0
DA:34,0
DA:37,0
DA:39,0
DA:40,0
DA:43,0
DA:45,0
DA:47,0
DA:48,0
DA:49,0
DA:50,0
DA:51,0
DA:52,0
DA:53,0
LF:27
LH:0
end_of_record
SF:lib\src\features\home\widgets\charts\donut_chart_widget.dart
DA:10,0
DA:15,0
DA:16,0
DA:21,0
DA:23,0
DA:25,0
DA:26,0
DA:27,0
DA:28,0
DA:31,0
DA:34,0
DA:36,0
DA:39,0
DA:41,0
DA:43,0
DA:44,0
DA:45,0
LF:17
LH:0
end_of_record
SF:lib\src\features\home\widgets\homepage\action_app_bar.dart
DA:12,0
DA:15,0
DA:17,0
DA:20,0
DA:22,0
DA:24,0
DA:25,0
DA:30,0
DA:31,0
DA:35,0
DA:37,0
DA:38,0
DA:39,0
DA:40,0
LF:14
LH:0
end_of_record
SF:lib\src\features\home\widgets\homepage\custom_bottom_app_bar.dart
DA:7,0
DA:11,15
DA:17,0
DA:19,0
DA:21,0
DA:22,0
DA:23,0
DA:25,0
DA:26,0
DA:30,0
DA:36,0
DA:37,0
DA:41,0
LF:13
LH:1
end_of_record
SF:lib\src\features\home\widgets\homepage\custom_drawer.dart
DA:9,0
DA:10,0
DA:11,0
DA:15,0
DA:17,0
DA:18,0
DA:19,0
DA:20,0
DA:23,0
DA:24,0
DA:25,0
DA:26,0
DA:27,0
DA:29,0
DA:30,0
DA:31,0
DA:32,0
DA:34,0
DA:39,0
DA:40,0
DA:42,0
DA:45,0
DA:47,0
DA:48,0
DA:50,0
DA:52,0
DA:53,0
DA:55,0
LF:28
LH:0
end_of_record
SF:lib\src\features\home\widgets\homepage\custom_list_view_builder.dart
DA:15,0
DA:19,0
DA:21,0
DA:22,0
DA:31,0
DA:33,0
DA:36,0
DA:38,0
DA:39,0
DA:40,0
DA:43,0
DA:44,0
DA:45,0
DA:46,0
DA:47,0
DA:48,0
DA:49,0
DA:51,0
DA:52,0
DA:53,0
DA:54,0
DA:58,0
DA:59,0
DA:61,0
DA:62,0
DA:63,0
DA:64,0
DA:65,0
DA:66,0
DA:67,0
DA:71,0
DA:72,0
DA:75,0
DA:76,0
DA:84,0
DA:85,0
DA:86,0
DA:87,0
DA:92,0
DA:95,0
DA:102,0
DA:105,0
DA:113,0
DA:116,0
DA:117,0
DA:118,0
DA:120,0
DA:121,0
DA:122,0
DA:123,0
DA:124,0
DA:126,0
DA:127,0
DA:128,0
DA:129,0
DA:130,0
DA:131,0
DA:134,0
DA:135,0
LF:59
LH:0
end_of_record
SF:lib\src\features\home\widgets\homepage\title_app_bar.dart
DA:8,0
DA:12,0
DA:14,0
DA:16,0
DA:17,0
DA:18,0
DA:20,0
DA:21,0
DA:22,0
DA:23,0
DA:24,0
DA:25,0
DA:31,0
DA:32,0
DA:33,0
LF:15
LH:0
end_of_record
SF:lib\src\features\home\widgets\charts\linear_chart_controller.dart
DA:18,0
DA:19,0
DA:20,0
DA:21,0
DA:24,0
DA:26,0
DA:27,0
DA:28,0
DA:30,0
DA:31,0
DA:32,0
DA:33,0
DA:36,0
DA:37,0
DA:38,0
DA:42,0
DA:43,0
DA:44,0
DA:45,0
DA:46,0
DA:47,0
DA:49,0
LF:22
LH:0
end_of_record
SF:lib\src\features\home\widgets\charts\custom_linear_chart_painter.dart
DA:10,0
DA:19,0
DA:21,0
DA:22,0
DA:25,0
DA:28,0
DA:30,0
DA:32,0
DA:33,0
DA:36,0
DA:37,0
DA:38,0
DA:39,0
DA:40,0
DA:46,0
DA:47,0
DA:48,0
DA:49,0
DA:50,0
DA:51,0
DA:52,0
DA:53,0
DA:54,0
DA:55,0
DA:67,0
DA:68,0
DA:69,0
DA:70,0
DA:72,0
DA:75,0
DA:76,0
DA:79,0
DA:80,0
DA:81,0
DA:83,0
DA:84,0
DA:85,0
DA:86,0
DA:87,0
DA:90,0
DA:91,0
DA:92,0
DA:93,0
DA:96,0
DA:97,0
DA:98,0
DA:103,0
DA:104,0
DA:105,0
DA:106,0
DA:108,0
DA:109,0
DA:110,0
DA:111,0
DA:112,0
DA:114,0
DA:115,0
DA:117,0
DA:120,0
DA:122,0
DA:126,0
DA:127,0
DA:129,0
DA:132,0
DA:134,0
DA:136,0
DA:137,0
DA:138,0
DA:141,0
DA:142,0
DA:143,0
DA:145,0
DA:146,0
DA:147,0
DA:148,0
DA:152,0
DA:153,0
DA:154,0
DA:155,0
LF:79
LH:0
end_of_record
SF:lib\src\features\home\widgets\charts\donut_chart_painter.dart
DA:9,0
DA:10,0
DA:11,0
DA:12,0
DA:14,0
DA:15,0
DA:16,0
DA:24,0
DA:27,0
DA:33,0
DA:35,0
DA:37,0
DA:38,0
DA:39,0
DA:40,0
DA:43,0
DA:46,0
DA:48,0
DA:49,0
DA:50,0
DA:51,0
DA:52,0
DA:53,0
DA:54,0
DA:56,0
DA:60,0
DA:61,0
DA:62,0
DA:63,0
DA:64,0
DA:65,0
DA:69,0
DA:70,0
DA:71,0
DA:72,0
DA:74,0
DA:75,0
DA:77,0
DA:80,0
DA:82,0
DA:83,0
DA:86,0
DA:93,0
DA:94,0
DA:95,0
DA:96,0
DA:97,0
DA:106,0
DA:115,0
DA:117,0
DA:119,0
DA:121,0
DA:123,0
DA:124,0
DA:125,0
DA:126,0
DA:127,0
DA:131,0
DA:133,0
DA:134,0
DA:136,0
DA:140,0
DA:143,0
DA:145,0
DA:146,0
DA:147,0
DA:148,0
DA:151,0
DA:153,0
DA:154,0
DA:155,0
DA:156,0
DA:159,0
LF:73
LH:0
end_of_record
SF:lib\src\models\data_item.dart
DA:9,0
DA:15,0
DA:16,0
DA:17,0
LF:4
LH:0
end_of_record
SF:lib\src\features\home\widgets\charts\dounut_chart_controller.dart
DA:12,0
DA:13,0
DA:14,0
DA:15,0
DA:16,0
DA:17,0
DA:19,0
LF:7
LH:0
end_of_record
SF:lib\src\features\login\login_controller.dart
DA:11,0
DA:13,0
DA:14,0
DA:15,0
DA:17,0
DA:19,0
DA:21,0
DA:23,0
DA:27,0
DA:28,0
LF:10
LH:0
end_of_record
SF:lib\src\shared\design\theme\text_theme.dart
DA:6,0
DA:8,0
DA:10,0
DA:14,0
DA:19,0
DA:24,0
DA:27,0
DA:32,0
LF:8
LH:0
end_of_record
SF:lib\src\features\login\login_state.dart
DA:11,0
DA:16,0
LF:2
LH:0
end_of_record
SF:lib\src\features\login\login_page.dart
DA:13,0
DA:15,0
DA:16,0
DA:28,0
DA:30,0
DA:32,0
DA:35,0
DA:36,0
DA:39,0
DA:41,0
DA:42,0
DA:43,0
DA:44,0
DA:45,0
DA:48,0
DA:49,0
DA:50,0
DA:51,0
DA:52,0
DA:55,0
DA:56,0
DA:62,0
DA:63,0
DA:70,0
DA:71,0
DA:72,0
DA:73,0
DA:74,0
DA:77,0
DA:81,0
DA:82,0
DA:83,0
DA:84,0
DA:86,0
DA:87,0
DA:89,0
DA:90,0
DA:94,0
DA:95,0
DA:98,0
DA:100,0
DA:114,0
DA:115,0
DA:116,0
LF:44
LH:0
end_of_record
SF:lib\src\features\register\register_controller.dart
DA:8,0
DA:10,0
DA:16,0
LF:3
LH:0
end_of_record
SF:lib\src\features\splash\splash_controller.dart
DA:7,0
DA:11,0
DA:12,0
DA:13,0
LF:4
LH:0
end_of_record
SF:lib\src\shared\widgets\custom_icon_buttom_visibility.dart
DA:4,0
DA:6,0
DA:8,0
DA:15,0
DA:17,0
DA:18,0
DA:21,0
DA:23,0
DA:24,0
DA:25,0
DA:26,0
DA:29,0
LF:12
LH:0
end_of_record
