SF:lib\src\data\repositories\finantial_movement_repository_firestore_imp.dart
DA:14,1
DA:21,1
DA:24,6
DA:26,0
DA:31,1
DA:34,3
DA:35,1
DA:37,1
DA:39,1
DA:42,0
DA:46,1
DA:49,1
DA:50,1
DA:51,1
DA:52,1
DA:54,2
DA:55,1
DA:57,1
DA:58,4
DA:59,1
DA:62,0
DA:63,0
DA:67,1
DA:70,4
DA:71,1
DA:72,1
DA:73,1
DA:78,0
DA:82,0
DA:85,0
DA:87,0
LF:31
LH:23
end_of_record
SF:lib\src\models\finantial_movement.dart
DA:17,1
DA:26,2
DA:27,0
DA:31,1
DA:32,1
DA:33,3
DA:34,3
DA:35,3
DA:36,3
DA:37,3
DA:38,4
DA:39,1
DA:40,3
DA:46,1
DA:47,1
DA:48,1
DA:49,1
DA:50,2
DA:51,1
DA:52,1
DA:53,2
DA:54,1
DA:58,0
DA:60,0
DA:61,0
LF:25
LH:21
end_of_record
SF:lib\src\models\category.dart
DA:12,1
DA:17,2
DA:20,1
DA:21,1
DA:23,3
DA:24,4
DA:25,1
DA:26,3
DA:32,1
DA:33,1
DA:34,1
DA:36,1
DA:40,0
DA:42,0
DA:43,0
DA:45,1
DA:46,4
DA:49,0
DA:50,0
DA:51,0
LF:20
LH:14
end_of_record
